<?xml version="1.0" encoding="UTF-8"?>
<!-- Generated by org.testng.reporters.JUnitReportReporter -->
<testsuite skipped="0" hostname="RayPC" name="qaclickacademy.AppiumTest" tests="2" failures="0" timestamp="24 Apr 2020 21:06:22 GMT" time="0.029" errors="0">
  <testcase name="NativeAPpAndroid" time="0.001" classname="qaclickacademy.AppiumTest"/>
  <testcase name="IOSApps" time="0.028" classname="qaclickacademy.AppiumTest"/>
</testsuite> <!-- qaclickacademy.AppiumTest -->
